[2025-10-27 08:37:13] devlopment.INFO: ParticipantController@store: Request received {"name":"chief","business":"sass","email":"kentang99@lechatiao.com","whatsapp":"0895-3932-93767","city":"KULON PROGO","notification_id":"23","affiliate_id":"dindalaila","event_type":"workshop"} 
[2025-10-27 08:37:13] devlopment.INFO: ===== TIME CHECK START =====  
[2025-10-27 08:37:13] devlopment.INFO: 1. Waktu Server Saat Ini (WIB): 2025-10-27 08:37:13  
[2025-10-27 08:37:13] devlopment.INFO: 2. Waktu Event dari DB: 2025-11-01 14:00:00  
[2025-10-27 08:37:13] devlopment.INFO: 3. Batas Waktu Pendaftaran Dihitung: 2025-11-01 13:30:00  
[2025-10-27 08:37:13] devlopment.INFO: 4. KEPUTUSAN: PENDAFTARAN DITERIMA. Waktu pendaftaran masih valid.  
[2025-10-27 08:37:13] devlopment.INFO: ===== TIME CHECK END =====  
[2025-10-27 08:37:14] devlopment.INFO: DEBUG: ref_p captured from URL {"ref_p_value":null} 
[2025-10-27 08:37:14] devlopment.INFO: DEBUG: ref_p is not numeric or not present {"ref_p_value":null} 
[2025-10-27 08:37:14] devlopment.INFO: ParticipantController@store: Affiliate determined from form/session. {"input_affiliate":"dindalaila","affiliate_user_id":31} 
[2025-10-27 08:37:14] devlopment.INFO: ParticipantController@store: Participant created successfully {"participant_id":798,"order_id":"ORD-WOR-271025-0798-GPL","final_affiliate_id":31} 
[2025-10-27 08:37:16] devlopment.INFO: WANS: Starsender API response: {"success":true,"data":{"message_id":242820230},"message":"Success sent message"}  
[2025-10-27 08:37:16] devlopment.INFO: WANS: Menjadwalkan pesan After-Event (H+6 Jam) di Starsender untuk peserta ID 798.  
[2025-10-27 08:37:16] devlopment.INFO: ParticipantController@store: Paid event. Redirecting to payment choice. {"participant_id":798} 
[2025-10-27 08:37:16] devlopment.INFO: showPaymentChoice: Displaying payment choice page. {"participant_id":798} 
[2025-10-27 08:38:02] devlopment.INFO: Job CheckMidtransTransactionStatus: Berjalan...  
[2025-10-27 08:38:02] devlopment.INFO: Job CheckMidtransTransactionStatus: Tidak ada pesanan produk pending untuk dicek.  
[2025-10-27 08:38:02] devlopment.INFO: Job CheckMidtransTransactionStatus: Memeriksa 317 peserta event pending.  
[2025-10-27 08:38:02] devlopment.INFO: Job CheckMidtransTransactionStatus: [Percobaan 1] Memeriksa status Midtrans untuk participant - orderId: ORD-WOR-220625-0043-4H7  
[2025-10-27 08:38:24] devlopment.ERROR: Job CheckMidtransTransactionStatus: Exception tidak terduga untuk orderId 'ORD-WOR-220625-0043-4H7'. {"message":"CURL Error: Error in the HTTP2 framing layer"} 
[2025-10-27 08:38:24] devlopment.ERROR: Job CheckMidtransTransactionStatus: Error tidak terduga di metode handle(). {"error":"CURL Error: Error in the HTTP2 framing layer"} 
[2025-10-27 08:38:24] devlopment.INFO: Job CheckMidtransTransactionStatus: Selesai.  
[2025-10-27 08:39:03] devlopment.INFO: Job CheckMidtransTransactionStatus: Berjalan...  
[2025-10-27 08:39:03] devlopment.INFO: Job CheckMidtransTransactionStatus: Tidak ada pesanan produk pending untuk dicek.  
[2025-10-27 08:39:03] devlopment.INFO: Job CheckMidtransTransactionStatus: Memeriksa 317 peserta event pending.  
[2025-10-27 08:39:03] devlopment.INFO: Job CheckMidtransTransactionStatus: [Percobaan 1] Memeriksa status Midtrans untuk participant - orderId: ORD-WOR-220625-0043-4H7  
[2025-10-27 08:39:03] devlopment.WARNING: Job CheckMidtransTransactionStatus: Midtrans mengembalikan 404 untuk orderId 'ORD-WOR-220625-0043-4H7'. Transaksi belum diinisiasi oleh pengguna. Mencoba ulang sesuai jadwal. {"message":"Midtrans API is returning API error. HTTP status code: 404 API response: {\"status_code\":\"404\",\"status_message\":\"Transaction doesn't exist.\",\"id\":\"9e5e81c2-01ab-4929-9d63-612d4ba73ed5\"}"} 
[2025-10-27 08:39:03] devlopment.ERROR: Job CheckMidtransTransactionStatus: Error tidak terduga di metode handle(). {"error":"Midtrans API is returning API error. HTTP status code: 404 API response: {\"status_code\":\"404\",\"status_message\":\"Transaction doesn't exist.\",\"id\":\"9e5e81c2-01ab-4929-9d63-612d4ba73ed5\"}"} 
[2025-10-27 08:39:03] devlopment.INFO: Job CheckMidtransTransactionStatus: Selesai.  
[2025-10-27 08:40:01] devlopment.INFO: Job CheckMidtransTransactionStatus: Berjalan...  
[2025-10-27 08:40:01] devlopment.INFO: Job CheckMidtransTransactionStatus: Tidak ada pesanan produk pending untuk dicek.  
[2025-10-27 08:40:01] devlopment.INFO: Job CheckMidtransTransactionStatus: Memeriksa 317 peserta event pending.  
[2025-10-27 08:40:01] devlopment.INFO: Job CheckMidtransTransactionStatus: [Percobaan 1] Memeriksa status Midtrans untuk participant - orderId: ORD-WOR-220625-0043-4H7  
[2025-10-27 08:40:09] devlopment.WARNING: Job CheckMidtransTransactionStatus: Midtrans mengembalikan 404 untuk orderId 'ORD-WOR-220625-0043-4H7'. Transaksi belum diinisiasi oleh pengguna. Mencoba ulang sesuai jadwal. {"message":"Midtrans API is returning API error. HTTP status code: 404 API response: {\"status_code\":\"404\",\"status_message\":\"Transaction doesn't exist.\",\"id\":\"97be6cc5-5586-43db-b2c0-5d88e770144c\"}"} 
[2025-10-27 08:40:09] devlopment.ERROR: Job CheckMidtransTransactionStatus: Error tidak terduga di metode handle(). {"error":"Midtrans API is returning API error. HTTP status code: 404 API response: {\"status_code\":\"404\",\"status_message\":\"Transaction doesn't exist.\",\"id\":\"97be6cc5-5586-43db-b2c0-5d88e770144c\"}"} 
[2025-10-27 08:40:09] devlopment.INFO: Job CheckMidtransTransactionStatus: Selesai.  
[2025-10-27 08:41:00] devlopment.INFO: Job CheckMidtransTransactionStatus: Berjalan...  
[2025-10-27 08:41:00] devlopment.INFO: Job CheckMidtransTransactionStatus: Tidak ada pesanan produk pending untuk dicek.  
[2025-10-27 08:41:00] devlopment.INFO: Job CheckMidtransTransactionStatus: Memeriksa 317 peserta event pending.  
[2025-10-27 08:41:00] devlopment.INFO: Job CheckMidtransTransactionStatus: [Percobaan 1] Memeriksa status Midtrans untuk participant - orderId: ORD-WOR-220625-0043-4H7  
[2025-10-27 08:41:07] devlopment.WARNING: Job CheckMidtransTransactionStatus: Midtrans mengembalikan 404 untuk orderId 'ORD-WOR-220625-0043-4H7'. Transaksi belum diinisiasi oleh pengguna. Mencoba ulang sesuai jadwal. {"message":"Midtrans API is returning API error. HTTP status code: 404 API response: {\"status_code\":\"404\",\"status_message\":\"Transaction doesn't exist.\",\"id\":\"0e618fe1-985d-4fcf-931a-3b17e2c7a545\"}"} 
[2025-10-27 08:41:07] devlopment.ERROR: Job CheckMidtransTransactionStatus: Error tidak terduga di metode handle(). {"error":"Midtrans API is returning API error. HTTP status code: 404 API response: {\"status_code\":\"404\",\"status_message\":\"Transaction doesn't exist.\",\"id\":\"0e618fe1-985d-4fcf-931a-3b17e2c7a545\"}"} 
[2025-10-27 08:41:07] devlopment.INFO: Job CheckMidtransTransactionStatus: Selesai.  
[2025-10-27 08:42:01] devlopment.INFO: Job CheckMidtransTransactionStatus: Berjalan...  
[2025-10-27 08:42:01] devlopment.INFO: Job CheckMidtransTransactionStatus: Tidak ada pesanan produk pending untuk dicek.  
[2025-10-27 08:42:01] devlopment.INFO: Job CheckMidtransTransactionStatus: Memeriksa 317 peserta event pending.  
[2025-10-27 08:42:01] devlopment.INFO: Job CheckMidtransTransactionStatus: [Percobaan 1] Memeriksa status Midtrans untuk participant - orderId: ORD-WOR-220625-0043-4H7  
[2025-10-27 08:42:02] devlopment.WARNING: Job CheckMidtransTransactionStatus: Midtrans mengembalikan 404 untuk orderId 'ORD-WOR-220625-0043-4H7'. Transaksi belum diinisiasi oleh pengguna. Mencoba ulang sesuai jadwal. {"message":"Midtrans API is returning API error. HTTP status code: 404 API response: {\"status_code\":\"404\",\"status_message\":\"Transaction doesn't exist.\",\"id\":\"4f4acf9b-4be5-4611-bb90-dbd60f704518\"}"} 
[2025-10-27 08:42:02] devlopment.ERROR: Job CheckMidtransTransactionStatus: Error tidak terduga di metode handle(). {"error":"Midtrans API is returning API error. HTTP status code: 404 API response: {\"status_code\":\"404\",\"status_message\":\"Transaction doesn't exist.\",\"id\":\"4f4acf9b-4be5-4611-bb90-dbd60f704518\"}"} 
[2025-10-27 08:42:02] devlopment.INFO: Job CheckMidtransTransactionStatus: Selesai.  
[2025-10-27 08:43:03] devlopment.INFO: Job CheckMidtransTransactionStatus: Berjalan...  
[2025-10-27 08:43:03] devlopment.INFO: Job CheckMidtransTransactionStatus: Tidak ada pesanan produk pending untuk dicek.  
[2025-10-27 08:43:03] devlopment.INFO: Job CheckMidtransTransactionStatus: Memeriksa 317 peserta event pending.  
[2025-10-27 08:43:03] devlopment.INFO: Job CheckMidtransTransactionStatus: [Percobaan 1] Memeriksa status Midtrans untuk participant - orderId: ORD-WOR-220625-0043-4H7  
[2025-10-27 08:43:04] devlopment.WARNING: Job CheckMidtransTransactionStatus: Midtrans mengembalikan 404 untuk orderId 'ORD-WOR-220625-0043-4H7'. Transaksi belum diinisiasi oleh pengguna. Mencoba ulang sesuai jadwal. {"message":"Midtrans API is returning API error. HTTP status code: 404 API response: {\"status_code\":\"404\",\"status_message\":\"Transaction doesn't exist.\",\"id\":\"3b39c0ed-dc0f-472e-bd1a-c6396e4d184a\"}"} 
[2025-10-27 08:43:04] devlopment.ERROR: Job CheckMidtransTransactionStatus: Error tidak terduga di metode handle(). {"error":"Midtrans API is returning API error. HTTP status code: 404 API response: {\"status_code\":\"404\",\"status_message\":\"Transaction doesn't exist.\",\"id\":\"3b39c0ed-dc0f-472e-bd1a-c6396e4d184a\"}"} 
[2025-10-27 08:43:04] devlopment.INFO: Job CheckMidtransTransactionStatus: Selesai.  
[2025-10-27 08:44:01] devlopment.INFO: Job CheckMidtransTransactionStatus: Berjalan...  
[2025-10-27 08:44:01] devlopment.INFO: Job CheckMidtransTransactionStatus: Tidak ada pesanan produk pending untuk dicek.  
[2025-10-27 08:44:01] devlopment.INFO: Job CheckMidtransTransactionStatus: Memeriksa 317 peserta event pending.  
[2025-10-27 08:44:01] devlopment.INFO: Job CheckMidtransTransactionStatus: [Percobaan 1] Memeriksa status Midtrans untuk participant - orderId: ORD-WOR-220625-0043-4H7  
[2025-10-27 08:44:02] devlopment.WARNING: Job CheckMidtransTransactionStatus: Midtrans mengembalikan 404 untuk orderId 'ORD-WOR-220625-0043-4H7'. Transaksi belum diinisiasi oleh pengguna. Mencoba ulang sesuai jadwal. {"message":"Midtrans API is returning API error. HTTP status code: 404 API response: {\"status_code\":\"404\",\"status_message\":\"Transaction doesn't exist.\",\"id\":\"e55d3189-4c02-4d1e-bb59-bc4792a25fa6\"}"} 
[2025-10-27 08:44:02] devlopment.ERROR: Job CheckMidtransTransactionStatus: Error tidak terduga di metode handle(). {"error":"Midtrans API is returning API error. HTTP status code: 404 API response: {\"status_code\":\"404\",\"status_message\":\"Transaction doesn't exist.\",\"id\":\"e55d3189-4c02-4d1e-bb59-bc4792a25fa6\"}"} 
[2025-10-27 08:44:02] devlopment.INFO: Job CheckMidtransTransactionStatus: Selesai.  
[2025-10-27 08:45:02] devlopment.INFO: Job CheckMidtransTransactionStatus: Berjalan...  
[2025-10-27 08:45:02] devlopment.INFO: Job CheckMidtransTransactionStatus: Tidak ada pesanan produk pending untuk dicek.  
[2025-10-27 08:45:02] devlopment.INFO: Job CheckMidtransTransactionStatus: Memeriksa 317 peserta event pending.  
[2025-10-27 08:45:02] devlopment.INFO: Job CheckMidtransTransactionStatus: [Percobaan 1] Memeriksa status Midtrans untuk participant - orderId: ORD-WOR-220625-0043-4H7  
[2025-10-27 08:45:02] devlopment.WARNING: Job CheckMidtransTransactionStatus: Midtrans mengembalikan 404 untuk orderId 'ORD-WOR-220625-0043-4H7'. Transaksi belum diinisiasi oleh pengguna. Mencoba ulang sesuai jadwal. {"message":"Midtrans API is returning API error. HTTP status code: 404 API response: {\"status_code\":\"404\",\"status_message\":\"Transaction doesn't exist.\",\"id\":\"d0f67501-b8d1-4ed3-bae0-538e0a115e9c\"}"} 
[2025-10-27 08:45:02] devlopment.ERROR: Job CheckMidtransTransactionStatus: Error tidak terduga di metode handle(). {"error":"Midtrans API is returning API error. HTTP status code: 404 API response: {\"status_code\":\"404\",\"status_message\":\"Transaction doesn't exist.\",\"id\":\"d0f67501-b8d1-4ed3-bae0-538e0a115e9c\"}"} 
[2025-10-27 08:45:02] devlopment.INFO: Job CheckMidtransTransactionStatus: Selesai.  
[2025-10-27 08:45:05] devlopment.INFO: Job CheckMidtransTransactionStatus: Berjalan...  
[2025-10-27 08:45:05] devlopment.INFO: Job CheckMidtransTransactionStatus: Tidak ada pesanan produk pending untuk dicek.  
[2025-10-27 08:45:05] devlopment.INFO: Job CheckMidtransTransactionStatus: Memeriksa 317 peserta event pending.  
[2025-10-27 08:45:05] devlopment.INFO: Job CheckMidtransTransactionStatus: [Percobaan 2] Memeriksa status Midtrans untuk participant - orderId: ORD-WOR-220625-0043-4H7  
[2025-10-27 08:45:06] devlopment.WARNING: Job CheckMidtransTransactionStatus: Midtrans mengembalikan 404 untuk orderId 'ORD-WOR-220625-0043-4H7'. Transaksi belum diinisiasi oleh pengguna. Mencoba ulang sesuai jadwal. {"message":"Midtrans API is returning API error. HTTP status code: 404 API response: {\"status_code\":\"404\",\"status_message\":\"Transaction doesn't exist.\",\"id\":\"63a9bceb-b82c-4e03-9b34-16d04d982044\"}"} 
[2025-10-27 08:45:06] devlopment.ERROR: Job CheckMidtransTransactionStatus: Error tidak terduga di metode handle(). {"error":"Midtrans API is returning API error. HTTP status code: 404 API response: {\"status_code\":\"404\",\"status_message\":\"Transaction doesn't exist.\",\"id\":\"63a9bceb-b82c-4e03-9b34-16d04d982044\"}"} 
[2025-10-27 08:45:06] devlopment.INFO: Job CheckMidtransTransactionStatus: Selesai.  
[2025-10-27 08:46:03] devlopment.INFO: Job CheckMidtransTransactionStatus: Berjalan...  
[2025-10-27 08:46:03] devlopment.INFO: Job CheckMidtransTransactionStatus: Tidak ada pesanan produk pending untuk dicek.  
[2025-10-27 08:46:03] devlopment.INFO: Job CheckMidtransTransactionStatus: Memeriksa 317 peserta event pending.  
[2025-10-27 08:46:03] devlopment.INFO: Job CheckMidtransTransactionStatus: [Percobaan 1] Memeriksa status Midtrans untuk participant - orderId: ORD-WOR-220625-0043-4H7  
[2025-10-27 08:46:03] devlopment.WARNING: Job CheckMidtransTransactionStatus: Midtrans mengembalikan 404 untuk orderId 'ORD-WOR-220625-0043-4H7'. Transaksi belum diinisiasi oleh pengguna. Mencoba ulang sesuai jadwal. {"message":"Midtrans API is returning API error. HTTP status code: 404 API response: {\"status_code\":\"404\",\"status_message\":\"Transaction doesn't exist.\",\"id\":\"7ae36b28-8f85-483d-971a-d6c424d8ba14\"}"} 
[2025-10-27 08:46:03] devlopment.ERROR: Job CheckMidtransTransactionStatus: Error tidak terduga di metode handle(). {"error":"Midtrans API is returning API error. HTTP status code: 404 API response: {\"status_code\":\"404\",\"status_message\":\"Transaction doesn't exist.\",\"id\":\"7ae36b28-8f85-483d-971a-d6c424d8ba14\"}"} 
[2025-10-27 08:46:03] devlopment.INFO: Job CheckMidtransTransactionStatus: Selesai.  
[2025-10-27 08:47:00] devlopment.INFO: Job CheckMidtransTransactionStatus: Berjalan...  
[2025-10-27 08:47:00] devlopment.INFO: Job CheckMidtransTransactionStatus: Tidak ada pesanan produk pending untuk dicek.  
[2025-10-27 08:47:00] devlopment.INFO: Job CheckMidtransTransactionStatus: Memeriksa 317 peserta event pending.  
[2025-10-27 08:47:00] devlopment.INFO: Job CheckMidtransTransactionStatus: [Percobaan 1] Memeriksa status Midtrans untuk participant - orderId: ORD-WOR-220625-0043-4H7  
[2025-10-27 08:47:01] devlopment.WARNING: Job CheckMidtransTransactionStatus: Midtrans mengembalikan 404 untuk orderId 'ORD-WOR-220625-0043-4H7'. Transaksi belum diinisiasi oleh pengguna. Mencoba ulang sesuai jadwal. {"message":"Midtrans API is returning API error. HTTP status code: 404 API response: {\"status_code\":\"404\",\"status_message\":\"Transaction doesn't exist.\",\"id\":\"2ccd87a1-ae12-49c3-be5c-8d6f451c7be4\"}"} 
[2025-10-27 08:47:01] devlopment.ERROR: Job CheckMidtransTransactionStatus: Error tidak terduga di metode handle(). {"error":"Midtrans API is returning API error. HTTP status code: 404 API response: {\"status_code\":\"404\",\"status_message\":\"Transaction doesn't exist.\",\"id\":\"2ccd87a1-ae12-49c3-be5c-8d6f451c7be4\"}"} 
[2025-10-27 08:47:01] devlopment.INFO: Job CheckMidtransTransactionStatus: Selesai.  
